<?xml version="1.0" encoding="UTF-8"?>
<testsuite xmlns:xsi="http://www.w3.org/2001/XMLSchema-instance" xsi:noNamespaceSchemaLocation="https://maven.apache.org/surefire/maven-surefire-plugin/xsd/surefire-test-report.xsd" name="com.example.SpringBootPostgresCRUD.SpringBootPostgresCrudApplicationTests" time="5.735" tests="1" errors="0" skipped="0" failures="0">
  <properties>
    <property name="java.specification.version" value="17"/>
    <property name="sun.cpu.isalist" value="amd64"/>
    <property name="sun.jnu.encoding" value="Cp1252"/>
    <property name="java.class.path" value="D:\us\ispp\bart app\repo\bart\target\test-classes;D:\us\ispp\bart app\repo\bart\target\classes;C:\Users\roman\.m2\repository\org\springframework\boot\spring-boot-starter-validation\2.6.4\spring-boot-starter-validation-2.6.4.jar;C:\Users\roman\.m2\repository\org\springframework\boot\spring-boot-starter\2.6.4\spring-boot-starter-2.6.4.jar;C:\Users\roman\.m2\repository\org\springframework\boot\spring-boot-starter-logging\2.6.4\spring-boot-starter-logging-2.6.4.jar;C:\Users\roman\.m2\repository\ch\qos\logback\logback-classic\1.2.10\logback-classic-1.2.10.jar;C:\Users\roman\.m2\repository\ch\qos\logback\logback-core\1.2.10\logback-core-1.2.10.jar;C:\Users\roman\.m2\repository\org\apache\logging\log4j\log4j-to-slf4j\2.17.1\log4j-to-slf4j-2.17.1.jar;C:\Users\roman\.m2\repository\org\apache\logging\log4j\log4j-api\2.17.1\log4j-api-2.17.1.jar;C:\Users\roman\.m2\repository\jakarta\annotation\jakarta.annotation-api\1.3.5\jakarta.annotation-api-1.3.5.jar;C:\Users\roman\.m2\repository\org\yaml\snakeyaml\1.29\snakeyaml-1.29.jar;C:\Users\roman\.m2\repository\org\apache\tomcat\embed\tomcat-embed-el\9.0.58\tomcat-embed-el-9.0.58.jar;C:\Users\roman\.m2\repository\org\hibernate\validator\hibernate-validator\6.2.2.Final\hibernate-validator-6.2.2.Final.jar;C:\Users\roman\.m2\repository\jakarta\validation\jakarta.validation-api\2.0.2\jakarta.validation-api-2.0.2.jar;C:\Users\roman\.m2\repository\org\jboss\logging\jboss-logging\3.4.3.Final\jboss-logging-3.4.3.Final.jar;C:\Users\roman\.m2\repository\com\fasterxml\classmate\1.5.1\classmate-1.5.1.jar;C:\Users\roman\.m2\repository\javax\validation\validation-api\2.0.1.Final\validation-api-2.0.1.Final.jar;C:\Users\roman\.m2\repository\org\projectlombok\lombok\1.18.26\lombok-1.18.26.jar;C:\Users\roman\.m2\repository\org\springframework\boot\spring-boot-starter-data-jpa\2.6.4\spring-boot-starter-data-jpa-2.6.4.jar;C:\Users\roman\.m2\repository\org\springframework\boot\spring-boot-starter-aop\2.6.4\spring-boot-starter-aop-2.6.4.jar;C:\Users\roman\.m2\repository\org\aspectj\aspectjweaver\1.9.7\aspectjweaver-1.9.7.jar;C:\Users\roman\.m2\repository\org\springframework\boot\spring-boot-starter-jdbc\2.6.4\spring-boot-starter-jdbc-2.6.4.jar;C:\Users\roman\.m2\repository\com\zaxxer\HikariCP\4.0.3\HikariCP-4.0.3.jar;C:\Users\roman\.m2\repository\org\springframework\spring-jdbc\5.3.16\spring-jdbc-5.3.16.jar;C:\Users\roman\.m2\repository\jakarta\transaction\jakarta.transaction-api\1.3.3\jakarta.transaction-api-1.3.3.jar;C:\Users\roman\.m2\repository\jakarta\persistence\jakarta.persistence-api\2.2.3\jakarta.persistence-api-2.2.3.jar;C:\Users\roman\.m2\repository\org\hibernate\hibernate-core\5.6.5.Final\hibernate-core-5.6.5.Final.jar;C:\Users\roman\.m2\repository\net\bytebuddy\byte-buddy\1.11.22\byte-buddy-1.11.22.jar;C:\Users\roman\.m2\repository\antlr\antlr\2.7.7\antlr-2.7.7.jar;C:\Users\roman\.m2\repository\org\jboss\jandex\2.4.2.Final\jandex-2.4.2.Final.jar;C:\Users\roman\.m2\repository\org\hibernate\common\hibernate-commons-annotations\5.1.2.Final\hibernate-commons-annotations-5.1.2.Final.jar;C:\Users\roman\.m2\repository\org\glassfish\jaxb\jaxb-runtime\2.3.6\jaxb-runtime-2.3.6.jar;C:\Users\roman\.m2\repository\org\glassfish\jaxb\txw2\2.3.6\txw2-2.3.6.jar;C:\Users\roman\.m2\repository\com\sun\istack\istack-commons-runtime\3.0.12\istack-commons-runtime-3.0.12.jar;C:\Users\roman\.m2\repository\com\sun\activation\jakarta.activation\1.2.2\jakarta.activation-1.2.2.jar;C:\Users\roman\.m2\repository\org\springframework\data\spring-data-jpa\2.6.2\spring-data-jpa-2.6.2.jar;C:\Users\roman\.m2\repository\org\springframework\data\spring-data-commons\2.6.2\spring-data-commons-2.6.2.jar;C:\Users\roman\.m2\repository\org\springframework\spring-orm\5.3.16\spring-orm-5.3.16.jar;C:\Users\roman\.m2\repository\org\springframework\spring-context\5.3.16\spring-context-5.3.16.jar;C:\Users\roman\.m2\repository\org\springframework\spring-tx\5.3.16\spring-tx-5.3.16.jar;C:\Users\roman\.m2\repository\org\springframework\spring-beans\5.3.16\spring-beans-5.3.16.jar;C:\Users\roman\.m2\repository\org\springframework\spring-aspects\5.3.16\spring-aspects-5.3.16.jar;C:\Users\roman\.m2\repository\org\springframework\boot\spring-boot-starter-thymeleaf\2.6.4\spring-boot-starter-thymeleaf-2.6.4.jar;C:\Users\roman\.m2\repository\org\thymeleaf\thymeleaf-spring5\3.0.15.RELEASE\thymeleaf-spring5-3.0.15.RELEASE.jar;C:\Users\roman\.m2\repository\org\thymeleaf\thymeleaf\3.0.15.RELEASE\thymeleaf-3.0.15.RELEASE.jar;C:\Users\roman\.m2\repository\org\attoparser\attoparser\2.0.5.RELEASE\attoparser-2.0.5.RELEASE.jar;C:\Users\roman\.m2\repository\org\unbescape\unbescape\1.1.6.RELEASE\unbescape-1.1.6.RELEASE.jar;C:\Users\roman\.m2\repository\org\thymeleaf\extras\thymeleaf-extras-java8time\3.0.4.RELEASE\thymeleaf-extras-java8time-3.0.4.RELEASE.jar;C:\Users\roman\.m2\repository\org\springframework\boot\spring-boot-starter-web\2.6.4\spring-boot-starter-web-2.6.4.jar;C:\Users\roman\.m2\repository\org\springframework\boot\spring-boot-starter-json\2.6.4\spring-boot-starter-json-2.6.4.jar;C:\Users\roman\.m2\repository\com\fasterxml\jackson\core\jackson-databind\2.13.1\jackson-databind-2.13.1.jar;C:\Users\roman\.m2\repository\com\fasterxml\jackson\core\jackson-annotations\2.13.1\jackson-annotations-2.13.1.jar;C:\Users\roman\.m2\repository\com\fasterxml\jackson\core\jackson-core\2.13.1\jackson-core-2.13.1.jar;C:\Users\roman\.m2\repository\com\fasterxml\jackson\datatype\jackson-datatype-jdk8\2.13.1\jackson-datatype-jdk8-2.13.1.jar;C:\Users\roman\.m2\repository\com\fasterxml\jackson\datatype\jackson-datatype-jsr310\2.13.1\jackson-datatype-jsr310-2.13.1.jar;C:\Users\roman\.m2\repository\com\fasterxml\jackson\module\jackson-module-parameter-names\2.13.1\jackson-module-parameter-names-2.13.1.jar;C:\Users\roman\.m2\repository\org\springframework\boot\spring-boot-starter-tomcat\2.6.4\spring-boot-starter-tomcat-2.6.4.jar;C:\Users\roman\.m2\repository\org\apache\tomcat\embed\tomcat-embed-core\9.0.58\tomcat-embed-core-9.0.58.jar;C:\Users\roman\.m2\repository\org\apache\tomcat\embed\tomcat-embed-websocket\9.0.58\tomcat-embed-websocket-9.0.58.jar;C:\Users\roman\.m2\repository\org\springframework\spring-web\5.3.16\spring-web-5.3.16.jar;C:\Users\roman\.m2\repository\org\springframework\spring-webmvc\5.3.16\spring-webmvc-5.3.16.jar;C:\Users\roman\.m2\repository\org\springframework\spring-expression\5.3.16\spring-expression-5.3.16.jar;C:\Users\roman\.m2\repository\org\springframework\boot\spring-boot-starter-security\2.6.4\spring-boot-starter-security-2.6.4.jar;C:\Users\roman\.m2\repository\org\springframework\spring-aop\5.3.16\spring-aop-5.3.16.jar;C:\Users\roman\.m2\repository\org\springframework\security\spring-security-config\5.6.2\spring-security-config-5.6.2.jar;C:\Users\roman\.m2\repository\org\springframework\security\spring-security-core\5.6.2\spring-security-core-5.6.2.jar;C:\Users\roman\.m2\repository\org\springframework\security\spring-security-crypto\5.6.2\spring-security-crypto-5.6.2.jar;C:\Users\roman\.m2\repository\org\springframework\security\spring-security-web\5.6.2\spring-security-web-5.6.2.jar;C:\Users\roman\.m2\repository\org\springframework\boot\spring-boot-devtools\2.6.4\spring-boot-devtools-2.6.4.jar;C:\Users\roman\.m2\repository\org\springframework\boot\spring-boot\2.6.4\spring-boot-2.6.4.jar;C:\Users\roman\.m2\repository\org\springframework\boot\spring-boot-autoconfigure\2.6.4\spring-boot-autoconfigure-2.6.4.jar;C:\Users\roman\.m2\repository\org\postgresql\postgresql\42.3.3\postgresql-42.3.3.jar;C:\Users\roman\.m2\repository\org\checkerframework\checker-qual\3.5.0\checker-qual-3.5.0.jar;C:\Users\roman\.m2\repository\org\springframework\boot\spring-boot-starter-test\2.6.4\spring-boot-starter-test-2.6.4.jar;C:\Users\roman\.m2\repository\org\springframework\boot\spring-boot-test\2.6.4\spring-boot-test-2.6.4.jar;C:\Users\roman\.m2\repository\org\springframework\boot\spring-boot-test-autoconfigure\2.6.4\spring-boot-test-autoconfigure-2.6.4.jar;C:\Users\roman\.m2\repository\com\jayway\jsonpath\json-path\2.6.0\json-path-2.6.0.jar;C:\Users\roman\.m2\repository\net\minidev\json-smart\2.4.8\json-smart-2.4.8.jar;C:\Users\roman\.m2\repository\net\minidev\accessors-smart\2.4.8\accessors-smart-2.4.8.jar;C:\Users\roman\.m2\repository\org\ow2\asm\asm\9.1\asm-9.1.jar;C:\Users\roman\.m2\repository\jakarta\xml\bind\jakarta.xml.bind-api\2.3.3\jakarta.xml.bind-api-2.3.3.jar;C:\Users\roman\.m2\repository\jakarta\activation\jakarta.activation-api\1.2.2\jakarta.activation-api-1.2.2.jar;C:\Users\roman\.m2\repository\org\assertj\assertj-core\3.21.0\assertj-core-3.21.0.jar;C:\Users\roman\.m2\repository\org\hamcrest\hamcrest\2.2\hamcrest-2.2.jar;C:\Users\roman\.m2\repository\org\junit\jupiter\junit-jupiter\5.8.2\junit-jupiter-5.8.2.jar;C:\Users\roman\.m2\repository\org\junit\jupiter\junit-jupiter-api\5.8.2\junit-jupiter-api-5.8.2.jar;C:\Users\roman\.m2\repository\org\opentest4j\opentest4j\1.2.0\opentest4j-1.2.0.jar;C:\Users\roman\.m2\repository\org\junit\platform\junit-platform-commons\1.8.2\junit-platform-commons-1.8.2.jar;C:\Users\roman\.m2\repository\org\apiguardian\apiguardian-api\1.1.2\apiguardian-api-1.1.2.jar;C:\Users\roman\.m2\repository\org\junit\jupiter\junit-jupiter-params\5.8.2\junit-jupiter-params-5.8.2.jar;C:\Users\roman\.m2\repository\org\junit\jupiter\junit-jupiter-engine\5.8.2\junit-jupiter-engine-5.8.2.jar;C:\Users\roman\.m2\repository\org\junit\platform\junit-platform-engine\1.8.2\junit-platform-engine-1.8.2.jar;C:\Users\roman\.m2\repository\org\mockito\mockito-core\4.0.0\mockito-core-4.0.0.jar;C:\Users\roman\.m2\repository\net\bytebuddy\byte-buddy-agent\1.11.22\byte-buddy-agent-1.11.22.jar;C:\Users\roman\.m2\repository\org\objenesis\objenesis\3.2\objenesis-3.2.jar;C:\Users\roman\.m2\repository\org\mockito\mockito-junit-jupiter\4.0.0\mockito-junit-jupiter-4.0.0.jar;C:\Users\roman\.m2\repository\org\skyscreamer\jsonassert\1.5.0\jsonassert-1.5.0.jar;C:\Users\roman\.m2\repository\com\vaadin\external\google\android-json\0.0.20131108.vaadin1\android-json-0.0.20131108.vaadin1.jar;C:\Users\roman\.m2\repository\org\springframework\spring-core\5.3.16\spring-core-5.3.16.jar;C:\Users\roman\.m2\repository\org\springframework\spring-jcl\5.3.16\spring-jcl-5.3.16.jar;C:\Users\roman\.m2\repository\org\springframework\spring-test\5.3.16\spring-test-5.3.16.jar;C:\Users\roman\.m2\repository\org\xmlunit\xmlunit-core\2.8.4\xmlunit-core-2.8.4.jar;C:\Users\roman\.m2\repository\com\paypal\sdk\rest-api-sdk\1.14.0\rest-api-sdk-1.14.0.jar;C:\Users\roman\.m2\repository\org\slf4j\slf4j-api\1.7.36\slf4j-api-1.7.36.jar;C:\Users\roman\.m2\repository\com\google\code\gson\gson\2.8.9\gson-2.8.9.jar;C:\Users\roman\.m2\repository\com\microsoft\azure\azure-sqldb-spark\1.0.2\azure-sqldb-spark-1.0.2.jar;C:\Users\roman\.m2\repository\org\scala-lang\scala-library\2.11.8\scala-library-2.11.8.jar;C:\Users\roman\.m2\repository\org\apache\spark\spark-core_2.11\2.2.1\spark-core_2.11-2.2.1.jar;C:\Users\roman\.m2\repository\org\apache\avro\avro\1.7.7\avro-1.7.7.jar;C:\Users\roman\.m2\repository\org\codehaus\jackson\jackson-core-asl\1.9.13\jackson-core-asl-1.9.13.jar;C:\Users\roman\.m2\repository\org\codehaus\jackson\jackson-mapper-asl\1.9.13\jackson-mapper-asl-1.9.13.jar;C:\Users\roman\.m2\repository\com\thoughtworks\paranamer\paranamer\2.3\paranamer-2.3.jar;C:\Users\roman\.m2\repository\org\apache\commons\commons-compress\1.4.1\commons-compress-1.4.1.jar;C:\Users\roman\.m2\repository\org\tukaani\xz\1.0\xz-1.0.jar;C:\Users\roman\.m2\repository\org\apache\avro\avro-mapred\1.7.7\avro-mapred-1.7.7-hadoop2.jar;C:\Users\roman\.m2\repository\org\apache\avro\avro-ipc\1.7.7\avro-ipc-1.7.7.jar;C:\Users\roman\.m2\repository\org\apache\avro\avro-ipc\1.7.7\avro-ipc-1.7.7-tests.jar;C:\Users\roman\.m2\repository\com\twitter\chill_2.11\0.8.0\chill_2.11-0.8.0.jar;C:\Users\roman\.m2\repository\com\esotericsoftware\kryo-shaded\3.0.3\kryo-shaded-3.0.3.jar;C:\Users\roman\.m2\repository\com\esotericsoftware\minlog\1.3.0\minlog-1.3.0.jar;C:\Users\roman\.m2\repository\com\twitter\chill-java\0.8.0\chill-java-0.8.0.jar;C:\Users\roman\.m2\repository\org\apache\xbean\xbean-asm5-shaded\4.4\xbean-asm5-shaded-4.4.jar;C:\Users\roman\.m2\repository\org\apache\hadoop\hadoop-client\2.6.5\hadoop-client-2.6.5.jar;C:\Users\roman\.m2\repository\org\apache\hadoop\hadoop-common\2.6.5\hadoop-common-2.6.5.jar;C:\Users\roman\.m2\repository\commons-cli\commons-cli\1.2\commons-cli-1.2.jar;C:\Users\roman\.m2\repository\xmlenc\xmlenc\0.52\xmlenc-0.52.jar;C:\Users\roman\.m2\repository\commons-httpclient\commons-httpclient\3.1\commons-httpclient-3.1.jar;C:\Users\roman\.m2\repository\commons-io\commons-io\2.4\commons-io-2.4.jar;C:\Users\roman\.m2\repository\commons-collections\commons-collections\3.2.2\commons-collections-3.2.2.jar;C:\Users\roman\.m2\repository\commons-lang\commons-lang\2.6\commons-lang-2.6.jar;C:\Users\roman\.m2\repository\commons-configuration\commons-configuration\1.6\commons-configuration-1.6.jar;C:\Users\roman\.m2\repository\commons-digester\commons-digester\1.8\commons-digester-1.8.jar;C:\Users\roman\.m2\repository\commons-beanutils\commons-beanutils\1.7.0\commons-beanutils-1.7.0.jar;C:\Users\roman\.m2\repository\commons-beanutils\commons-beanutils-core\1.8.0\commons-beanutils-core-1.8.0.jar;C:\Users\roman\.m2\repository\com\google\protobuf\protobuf-java\2.5.0\protobuf-java-2.5.0.jar;C:\Users\roman\.m2\repository\org\apache\hadoop\hadoop-auth\2.6.5\hadoop-auth-2.6.5.jar;C:\Users\roman\.m2\repository\org\apache\directory\server\apacheds-kerberos-codec\2.0.0-M15\apacheds-kerberos-codec-2.0.0-M15.jar;C:\Users\roman\.m2\repository\org\apache\directory\server\apacheds-i18n\2.0.0-M15\apacheds-i18n-2.0.0-M15.jar;C:\Users\roman\.m2\repository\org\apache\directory\api\api-asn1-api\1.0.0-M20\api-asn1-api-1.0.0-M20.jar;C:\Users\roman\.m2\repository\org\apache\directory\api\api-util\1.0.0-M20\api-util-1.0.0-M20.jar;C:\Users\roman\.m2\repository\org\apache\curator\curator-client\2.6.0\curator-client-2.6.0.jar;C:\Users\roman\.m2\repository\org\htrace\htrace-core\3.0.4\htrace-core-3.0.4.jar;C:\Users\roman\.m2\repository\org\apache\hadoop\hadoop-hdfs\2.6.5\hadoop-hdfs-2.6.5.jar;C:\Users\roman\.m2\repository\org\mortbay\jetty\jetty-util\6.1.26\jetty-util-6.1.26.jar;C:\Users\roman\.m2\repository\xerces\xercesImpl\2.9.1\xercesImpl-2.9.1.jar;C:\Users\roman\.m2\repository\xml-apis\xml-apis\1.3.04\xml-apis-1.3.04.jar;C:\Users\roman\.m2\repository\org\apache\hadoop\hadoop-mapreduce-client-app\2.6.5\hadoop-mapreduce-client-app-2.6.5.jar;C:\Users\roman\.m2\repository\org\apache\hadoop\hadoop-mapreduce-client-common\2.6.5\hadoop-mapreduce-client-common-2.6.5.jar;C:\Users\roman\.m2\repository\org\apache\hadoop\hadoop-yarn-client\2.6.5\hadoop-yarn-client-2.6.5.jar;C:\Users\roman\.m2\repository\org\apache\hadoop\hadoop-yarn-server-common\2.6.5\hadoop-yarn-server-common-2.6.5.jar;C:\Users\roman\.m2\repository\org\apache\hadoop\hadoop-mapreduce-client-shuffle\2.6.5\hadoop-mapreduce-client-shuffle-2.6.5.jar;C:\Users\roman\.m2\repository\org\apache\hadoop\hadoop-yarn-api\2.6.5\hadoop-yarn-api-2.6.5.jar;C:\Users\roman\.m2\repository\org\apache\hadoop\hadoop-mapreduce-client-core\2.6.5\hadoop-mapreduce-client-core-2.6.5.jar;C:\Users\roman\.m2\repository\org\apache\hadoop\hadoop-yarn-common\2.6.5\hadoop-yarn-common-2.6.5.jar;C:\Users\roman\.m2\repository\javax\xml\bind\jaxb-api\2.3.1\jaxb-api-2.3.1.jar;C:\Users\roman\.m2\repository\javax\activation\javax.activation-api\1.2.0\javax.activation-api-1.2.0.jar;C:\Users\roman\.m2\repository\org\codehaus\jackson\jackson-jaxrs\1.9.13\jackson-jaxrs-1.9.13.jar;C:\Users\roman\.m2\repository\org\codehaus\jackson\jackson-xc\1.9.13\jackson-xc-1.9.13.jar;C:\Users\roman\.m2\repository\org\apache\hadoop\hadoop-mapreduce-client-jobclient\2.6.5\hadoop-mapreduce-client-jobclient-2.6.5.jar;C:\Users\roman\.m2\repository\org\apache\hadoop\hadoop-annotations\2.6.5\hadoop-annotations-2.6.5.jar;C:\Users\roman\.m2\repository\org\apache\spark\spark-launcher_2.11\2.2.1\spark-launcher_2.11-2.2.1.jar;C:\Users\roman\.m2\repository\org\apache\spark\spark-network-common_2.11\2.2.1\spark-network-common_2.11-2.2.1.jar;C:\Users\roman\.m2\repository\org\fusesource\leveldbjni\leveldbjni-all\1.8\leveldbjni-all-1.8.jar;C:\Users\roman\.m2\repository\org\apache\spark\spark-network-shuffle_2.11\2.2.1\spark-network-shuffle_2.11-2.2.1.jar;C:\Users\roman\.m2\repository\org\apache\spark\spark-unsafe_2.11\2.2.1\spark-unsafe_2.11-2.2.1.jar;C:\Users\roman\.m2\repository\net\java\dev\jets3t\jets3t\0.9.3\jets3t-0.9.3.jar;C:\Users\roman\.m2\repository\org\apache\httpcomponents\httpcore\4.4.15\httpcore-4.4.15.jar;C:\Users\roman\.m2\repository\org\apache\httpcomponents\httpclient\4.5.13\httpclient-4.5.13.jar;C:\Users\roman\.m2\repository\javax\activation\activation\1.1.1\activation-1.1.1.jar;C:\Users\roman\.m2\repository\mx4j\mx4j\3.0.2\mx4j-3.0.2.jar;C:\Users\roman\.m2\repository\javax\mail\mail\1.4.7\mail-1.4.7.jar;C:\Users\roman\.m2\repository\org\bouncycastle\bcprov-jdk15on\1.51\bcprov-jdk15on-1.51.jar;C:\Users\roman\.m2\repository\com\jamesmurty\utils\java-xmlbuilder\1.0\java-xmlbuilder-1.0.jar;C:\Users\roman\.m2\repository\net\iharder\base64\2.3.8\base64-2.3.8.jar;C:\Users\roman\.m2\repository\org\apache\curator\curator-recipes\2.6.0\curator-recipes-2.6.0.jar;C:\Users\roman\.m2\repository\org\apache\curator\curator-framework\2.6.0\curator-framework-2.6.0.jar;C:\Users\roman\.m2\repository\org\apache\zookeeper\zookeeper\3.4.6\zookeeper-3.4.6.jar;C:\Users\roman\.m2\repository\com\google\guava\guava\16.0.1\guava-16.0.1.jar;C:\Users\roman\.m2\repository\javax\servlet\javax.servlet-api\4.0.1\javax.servlet-api-4.0.1.jar;C:\Users\roman\.m2\repository\org\apache\commons\commons-lang3\3.12.0\commons-lang3-3.12.0.jar;C:\Users\roman\.m2\repository\org\apache\commons\commons-math3\3.4.1\commons-math3-3.4.1.jar;C:\Users\roman\.m2\repository\com\google\code\findbugs\jsr305\1.3.9\jsr305-1.3.9.jar;C:\Users\roman\.m2\repository\org\slf4j\jul-to-slf4j\1.7.36\jul-to-slf4j-1.7.36.jar;C:\Users\roman\.m2\repository\org\slf4j\jcl-over-slf4j\1.7.36\jcl-over-slf4j-1.7.36.jar;C:\Users\roman\.m2\repository\log4j\log4j\1.2.17\log4j-1.2.17.jar;C:\Users\roman\.m2\repository\org\slf4j\slf4j-reload4j\1.7.36\slf4j-reload4j-1.7.36.jar;C:\Users\roman\.m2\repository\ch\qos\reload4j\reload4j\1.2.19\reload4j-1.2.19.jar;C:\Users\roman\.m2\repository\com\ning\compress-lzf\1.0.3\compress-lzf-1.0.3.jar;C:\Users\roman\.m2\repository\org\xerial\snappy\snappy-java\1.1.2.6\snappy-java-1.1.2.6.jar;C:\Users\roman\.m2\repository\net\jpountz\lz4\lz4\1.3.0\lz4-1.3.0.jar;C:\Users\roman\.m2\repository\org\roaringbitmap\RoaringBitmap\0.5.11\RoaringBitmap-0.5.11.jar;C:\Users\roman\.m2\repository\commons-net\commons-net\2.2\commons-net-2.2.jar;C:\Users\roman\.m2\repository\org\json4s\json4s-jackson_2.11\3.2.11\json4s-jackson_2.11-3.2.11.jar;C:\Users\roman\.m2\repository\org\json4s\json4s-core_2.11\3.2.11\json4s-core_2.11-3.2.11.jar;C:\Users\roman\.m2\repository\org\json4s\json4s-ast_2.11\3.2.11\json4s-ast_2.11-3.2.11.jar;C:\Users\roman\.m2\repository\org\scala-lang\scalap\2.11.0\scalap-2.11.0.jar;C:\Users\roman\.m2\repository\org\scala-lang\scala-compiler\2.11.0\scala-compiler-2.11.0.jar;C:\Users\roman\.m2\repository\org\scala-lang\modules\scala-xml_2.11\1.0.1\scala-xml_2.11-1.0.1.jar;C:\Users\roman\.m2\repository\org\scala-lang\modules\scala-parser-combinators_2.11\1.0.1\scala-parser-combinators_2.11-1.0.1.jar;C:\Users\roman\.m2\repository\org\glassfish\jersey\core\jersey-client\2.35\jersey-client-2.35.jar;C:\Users\roman\.m2\repository\jakarta\ws\rs\jakarta.ws.rs-api\2.1.6\jakarta.ws.rs-api-2.1.6.jar;C:\Users\roman\.m2\repository\org\glassfish\hk2\external\jakarta.inject\2.6.1\jakarta.inject-2.6.1.jar;C:\Users\roman\.m2\repository\org\glassfish\jersey\core\jersey-common\2.35\jersey-common-2.35.jar;C:\Users\roman\.m2\repository\org\glassfish\hk2\osgi-resource-locator\1.0.3\osgi-resource-locator-1.0.3.jar;C:\Users\roman\.m2\repository\org\glassfish\jersey\core\jersey-server\2.35\jersey-server-2.35.jar;C:\Users\roman\.m2\repository\org\glassfish\jersey\containers\jersey-container-servlet\2.35\jersey-container-servlet-2.35.jar;C:\Users\roman\.m2\repository\org\glassfish\jersey\containers\jersey-container-servlet-core\2.35\jersey-container-servlet-core-2.35.jar;C:\Users\roman\.m2\repository\io\netty\netty-all\4.1.74.Final\netty-all-4.1.74.Final.jar;C:\Users\roman\.m2\repository\io\netty\netty-buffer\4.1.74.Final\netty-buffer-4.1.74.Final.jar;C:\Users\roman\.m2\repository\io\netty\netty-codec\4.1.74.Final\netty-codec-4.1.74.Final.jar;C:\Users\roman\.m2\repository\io\netty\netty-codec-dns\4.1.74.Final\netty-codec-dns-4.1.74.Final.jar;C:\Users\roman\.m2\repository\io\netty\netty-codec-haproxy\4.1.74.Final\netty-codec-haproxy-4.1.74.Final.jar;C:\Users\roman\.m2\repository\io\netty\netty-codec-http\4.1.74.Final\netty-codec-http-4.1.74.Final.jar;C:\Users\roman\.m2\repository\io\netty\netty-codec-http2\4.1.74.Final\netty-codec-http2-4.1.74.Final.jar;C:\Users\roman\.m2\repository\io\netty\netty-codec-memcache\4.1.74.Final\netty-codec-memcache-4.1.74.Final.jar;C:\Users\roman\.m2\repository\io\netty\netty-codec-mqtt\4.1.74.Final\netty-codec-mqtt-4.1.74.Final.jar;C:\Users\roman\.m2\repository\io\netty\netty-codec-redis\4.1.74.Final\netty-codec-redis-4.1.74.Final.jar;C:\Users\roman\.m2\repository\io\netty\netty-codec-smtp\4.1.74.Final\netty-codec-smtp-4.1.74.Final.jar;C:\Users\roman\.m2\repository\io\netty\netty-codec-socks\4.1.74.Final\netty-codec-socks-4.1.74.Final.jar;C:\Users\roman\.m2\repository\io\netty\netty-codec-stomp\4.1.74.Final\netty-codec-stomp-4.1.74.Final.jar;C:\Users\roman\.m2\repository\io\netty\netty-codec-xml\4.1.74.Final\netty-codec-xml-4.1.74.Final.jar;C:\Users\roman\.m2\repository\io\netty\netty-common\4.1.74.Final\netty-common-4.1.74.Final.jar;C:\Users\roman\.m2\repository\io\netty\netty-handler\4.1.74.Final\netty-handler-4.1.74.Final.jar;C:\Users\roman\.m2\repository\io\netty\netty-tcnative-classes\2.0.48.Final\netty-tcnative-classes-2.0.48.Final.jar;C:\Users\roman\.m2\repository\io\netty\netty-handler-proxy\4.1.74.Final\netty-handler-proxy-4.1.74.Final.jar;C:\Users\roman\.m2\repository\io\netty\netty-resolver\4.1.74.Final\netty-resolver-4.1.74.Final.jar;C:\Users\roman\.m2\repository\io\netty\netty-resolver-dns\4.1.74.Final\netty-resolver-dns-4.1.74.Final.jar;C:\Users\roman\.m2\repository\io\netty\netty-transport\4.1.74.Final\netty-transport-4.1.74.Final.jar;C:\Users\roman\.m2\repository\io\netty\netty-transport-rxtx\4.1.74.Final\netty-transport-rxtx-4.1.74.Final.jar;C:\Users\roman\.m2\repository\io\netty\netty-transport-sctp\4.1.74.Final\netty-transport-sctp-4.1.74.Final.jar;C:\Users\roman\.m2\repository\io\netty\netty-transport-udt\4.1.74.Final\netty-transport-udt-4.1.74.Final.jar;C:\Users\roman\.m2\repository\io\netty\netty-transport-classes-epoll\4.1.74.Final\netty-transport-classes-epoll-4.1.74.Final.jar;C:\Users\roman\.m2\repository\io\netty\netty-transport-native-unix-common\4.1.74.Final\netty-transport-native-unix-common-4.1.74.Final.jar;C:\Users\roman\.m2\repository\io\netty\netty-transport-classes-kqueue\4.1.74.Final\netty-transport-classes-kqueue-4.1.74.Final.jar;C:\Users\roman\.m2\repository\io\netty\netty-resolver-dns-classes-macos\4.1.74.Final\netty-resolver-dns-classes-macos-4.1.74.Final.jar;C:\Users\roman\.m2\repository\io\netty\netty-transport-native-epoll\4.1.74.Final\netty-transport-native-epoll-4.1.74.Final-linux-x86_64.jar;C:\Users\roman\.m2\repository\io\netty\netty-transport-native-epoll\4.1.74.Final\netty-transport-native-epoll-4.1.74.Final-linux-aarch_64.jar;C:\Users\roman\.m2\repository\io\netty\netty-transport-native-kqueue\4.1.74.Final\netty-transport-native-kqueue-4.1.74.Final-osx-x86_64.jar;C:\Users\roman\.m2\repository\io\netty\netty-transport-native-kqueue\4.1.74.Final\netty-transport-native-kqueue-4.1.74.Final-osx-aarch_64.jar;C:\Users\roman\.m2\repository\io\netty\netty-resolver-dns-native-macos\4.1.74.Final\netty-resolver-dns-native-macos-4.1.74.Final-osx-x86_64.jar;C:\Users\roman\.m2\repository\io\netty\netty-resolver-dns-native-macos\4.1.74.Final\netty-resolver-dns-native-macos-4.1.74.Final-osx-aarch_64.jar;C:\Users\roman\.m2\repository\io\netty\netty\3.9.9.Final\netty-3.9.9.Final.jar;C:\Users\roman\.m2\repository\com\clearspring\analytics\stream\2.7.0\stream-2.7.0.jar;C:\Users\roman\.m2\repository\io\dropwizard\metrics\metrics-core\4.2.8\metrics-core-4.2.8.jar;C:\Users\roman\.m2\repository\io\dropwizard\metrics\metrics-jvm\4.2.8\metrics-jvm-4.2.8.jar;C:\Users\roman\.m2\repository\io\dropwizard\metrics\metrics-json\4.2.8\metrics-json-4.2.8.jar;C:\Users\roman\.m2\repository\io\dropwizard\metrics\metrics-graphite\4.2.8\metrics-graphite-4.2.8.jar;C:\Users\roman\.m2\repository\com\rabbitmq\amqp-client\5.13.1\amqp-client-5.13.1.jar;C:\Users\roman\.m2\repository\com\fasterxml\jackson\module\jackson-module-scala_2.11\2.13.1\jackson-module-scala_2.11-2.13.1.jar;C:\Users\roman\.m2\repository\org\apache\ivy\ivy\2.4.0\ivy-2.4.0.jar;C:\Users\roman\.m2\repository\oro\oro\2.0.8\oro-2.0.8.jar;C:\Users\roman\.m2\repository\net\razorvine\pyrolite\4.13\pyrolite-4.13.jar;C:\Users\roman\.m2\repository\net\sf\py4j\py4j\0.10.4\py4j-0.10.4.jar;C:\Users\roman\.m2\repository\org\apache\spark\spark-tags_2.11\2.2.1\spark-tags_2.11-2.2.1.jar;C:\Users\roman\.m2\repository\org\apache\commons\commons-crypto\1.0.0\commons-crypto-1.0.0.jar;C:\Users\roman\.m2\repository\org\spark-project\spark\unused\1.0.0\unused-1.0.0.jar;C:\Users\roman\.m2\repository\org\apache\spark\spark-sql_2.11\2.2.1\spark-sql_2.11-2.2.1.jar;C:\Users\roman\.m2\repository\com\univocity\univocity-parsers\2.2.1\univocity-parsers-2.2.1.jar;C:\Users\roman\.m2\repository\org\apache\spark\spark-sketch_2.11\2.2.1\spark-sketch_2.11-2.2.1.jar;C:\Users\roman\.m2\repository\org\apache\spark\spark-catalyst_2.11\2.2.1\spark-catalyst_2.11-2.2.1.jar;C:\Users\roman\.m2\repository\org\codehaus\janino\janino\3.1.6\janino-3.1.6.jar;C:\Users\roman\.m2\repository\org\codehaus\janino\commons-compiler\3.1.6\commons-compiler-3.1.6.jar;C:\Users\roman\.m2\repository\org\antlr\antlr4-runtime\4.5.3\antlr4-runtime-4.5.3.jar;C:\Users\roman\.m2\repository\org\apache\parquet\parquet-column\1.8.2\parquet-column-1.8.2.jar;C:\Users\roman\.m2\repository\org\apache\parquet\parquet-common\1.8.2\parquet-common-1.8.2.jar;C:\Users\roman\.m2\repository\org\apache\parquet\parquet-encoding\1.8.2\parquet-encoding-1.8.2.jar;C:\Users\roman\.m2\repository\org\apache\parquet\parquet-hadoop\1.8.2\parquet-hadoop-1.8.2.jar;C:\Users\roman\.m2\repository\org\apache\parquet\parquet-format\2.3.1\parquet-format-2.3.1.jar;C:\Users\roman\.m2\repository\org\apache\parquet\parquet-jackson\1.8.2\parquet-jackson-1.8.2.jar;C:\Users\roman\.m2\repository\org\scalactic\scalactic_2.11\3.0.4\scalactic_2.11-3.0.4.jar;C:\Users\roman\.m2\repository\org\scala-lang\scala-reflect\2.11.11\scala-reflect-2.11.11.jar;C:\Users\roman\.m2\repository\com\microsoft\azure\adal4j\1.2.0\adal4j-1.2.0.jar;C:\Users\roman\.m2\repository\com\nimbusds\oauth2-oidc-sdk\5.18.1\oauth2-oidc-sdk-5.18.1.jar;C:\Users\roman\.m2\repository\com\github\stephenc\jcip\jcip-annotations\1.0-1\jcip-annotations-1.0-1.jar;C:\Users\roman\.m2\repository\org\apache\commons\commons-collections4\4.1\commons-collections4-4.1.jar;C:\Users\roman\.m2\repository\com\nimbusds\lang-tag\1.7\lang-tag-1.7.jar;C:\Users\roman\.m2\repository\com\nimbusds\nimbus-jose-jwt\9.31\nimbus-jose-jwt-9.31.jar;C:\Users\roman\.m2\repository\commons-codec\commons-codec\1.15\commons-codec-1.15.jar;C:\Users\roman\.m2\repository\com\microsoft\sqlserver\mssql-jdbc\9.4.1.jre8\mssql-jdbc-9.4.1.jre8.jar;C:\Users\roman\.m2\repository\org\apache\maven\plugins\maven-gpg-plugin\1.6\maven-gpg-plugin-1.6.jar;C:\Users\roman\.m2\repository\org\apache\maven\maven-plugin-api\2.2.1\maven-plugin-api-2.2.1.jar;C:\Users\roman\.m2\repository\org\apache\maven\maven-project\2.2.1\maven-project-2.2.1.jar;C:\Users\roman\.m2\repository\org\apache\maven\maven-settings\2.2.1\maven-settings-2.2.1.jar;C:\Users\roman\.m2\repository\org\apache\maven\maven-profile\2.2.1\maven-profile-2.2.1.jar;C:\Users\roman\.m2\repository\org\apache\maven\maven-artifact-manager\2.2.1\maven-artifact-manager-2.2.1.jar;C:\Users\roman\.m2\repository\org\apache\maven\wagon\wagon-provider-api\1.0-beta-6\wagon-provider-api-1.0-beta-6.jar;C:\Users\roman\.m2\repository\backport-util-concurrent\backport-util-concurrent\3.1\backport-util-concurrent-3.1.jar;C:\Users\roman\.m2\repository\org\apache\maven\maven-plugin-registry\2.2.1\maven-plugin-registry-2.2.1.jar;C:\Users\roman\.m2\repository\org\codehaus\plexus\plexus-interpolation\1.11\plexus-interpolation-1.11.jar;C:\Users\roman\.m2\repository\org\codehaus\plexus\plexus-container-default\1.0-alpha-9-stable-1\plexus-container-default-1.0-alpha-9-stable-1.jar;C:\Users\roman\.m2\repository\junit\junit\4.13.2\junit-4.13.2.jar;C:\Users\roman\.m2\repository\org\hamcrest\hamcrest-core\2.2\hamcrest-core-2.2.jar;C:\Users\roman\.m2\repository\classworlds\classworlds\1.1-alpha-2\classworlds-1.1-alpha-2.jar;C:\Users\roman\.m2\repository\org\apache\maven\maven-artifact\2.2.1\maven-artifact-2.2.1.jar;C:\Users\roman\.m2\repository\org\apache\maven\maven-repository-metadata\2.2.1\maven-repository-metadata-2.2.1.jar;C:\Users\roman\.m2\repository\org\apache\maven\maven-model\2.2.1\maven-model-2.2.1.jar;C:\Users\roman\.m2\repository\org\codehaus\plexus\plexus-utils\3.0.20\plexus-utils-3.0.20.jar;C:\Users\roman\.m2\repository\org\sonatype\plexus\plexus-sec-dispatcher\1.4\plexus-sec-dispatcher-1.4.jar;C:\Users\roman\.m2\repository\org\sonatype\plexus\plexus-cipher\1.4\plexus-cipher-1.4.jar;"/>
    <property name="java.vm.vendor" value="Oracle Corporation"/>
    <property name="sun.arch.data.model" value="64"/>
    <property name="user.variant" value=""/>
    <property name="java.vendor.url" value="https://java.oracle.com/"/>
    <property name="user.timezone" value="Europe/Madrid"/>
    <property name="os.name" value="Windows 11"/>
    <property name="java.vm.specification.version" value="17"/>
    <property name="sun.java.launcher" value="SUN_STANDARD"/>
    <property name="user.country" value="ES"/>
    <property name="sun.boot.library.path" value="C:\Program Files\Java\jdk-17\bin"/>
    <property name="sun.java.command" value="C:\Users\roman\AppData\Local\Temp\surefire10374140665593430602\surefirebooter17194594913592952351.jar C:\Users\roman\AppData\Local\Temp\surefire10374140665593430602 2023-03-28T19-05-52_750-jvmRun1 surefire12403959990242348358tmp surefire_013528351263321634546tmp"/>
    <property name="jdk.debug" value="release"/>
    <property name="surefire.test.class.path" value="D:\us\ispp\bart app\repo\bart\target\test-classes;D:\us\ispp\bart app\repo\bart\target\classes;C:\Users\roman\.m2\repository\org\springframework\boot\spring-boot-starter-validation\2.6.4\spring-boot-starter-validation-2.6.4.jar;C:\Users\roman\.m2\repository\org\springframework\boot\spring-boot-starter\2.6.4\spring-boot-starter-2.6.4.jar;C:\Users\roman\.m2\repository\org\springframework\boot\spring-boot-starter-logging\2.6.4\spring-boot-starter-logging-2.6.4.jar;C:\Users\roman\.m2\repository\ch\qos\logback\logback-classic\1.2.10\logback-classic-1.2.10.jar;C:\Users\roman\.m2\repository\ch\qos\logback\logback-core\1.2.10\logback-core-1.2.10.jar;C:\Users\roman\.m2\repository\org\apache\logging\log4j\log4j-to-slf4j\2.17.1\log4j-to-slf4j-2.17.1.jar;C:\Users\roman\.m2\repository\org\apache\logging\log4j\log4j-api\2.17.1\log4j-api-2.17.1.jar;C:\Users\roman\.m2\repository\jakarta\annotation\jakarta.annotation-api\1.3.5\jakarta.annotation-api-1.3.5.jar;C:\Users\roman\.m2\repository\org\yaml\snakeyaml\1.29\snakeyaml-1.29.jar;C:\Users\roman\.m2\repository\org\apache\tomcat\embed\tomcat-embed-el\9.0.58\tomcat-embed-el-9.0.58.jar;C:\Users\roman\.m2\repository\org\hibernate\validator\hibernate-validator\6.2.2.Final\hibernate-validator-6.2.2.Final.jar;C:\Users\roman\.m2\repository\jakarta\validation\jakarta.validation-api\2.0.2\jakarta.validation-api-2.0.2.jar;C:\Users\roman\.m2\repository\org\jboss\logging\jboss-logging\3.4.3.Final\jboss-logging-3.4.3.Final.jar;C:\Users\roman\.m2\repository\com\fasterxml\classmate\1.5.1\classmate-1.5.1.jar;C:\Users\roman\.m2\repository\javax\validation\validation-api\2.0.1.Final\validation-api-2.0.1.Final.jar;C:\Users\roman\.m2\repository\org\projectlombok\lombok\1.18.26\lombok-1.18.26.jar;C:\Users\roman\.m2\repository\org\springframework\boot\spring-boot-starter-data-jpa\2.6.4\spring-boot-starter-data-jpa-2.6.4.jar;C:\Users\roman\.m2\repository\org\springframework\boot\spring-boot-starter-aop\2.6.4\spring-boot-starter-aop-2.6.4.jar;C:\Users\roman\.m2\repository\org\aspectj\aspectjweaver\1.9.7\aspectjweaver-1.9.7.jar;C:\Users\roman\.m2\repository\org\springframework\boot\spring-boot-starter-jdbc\2.6.4\spring-boot-starter-jdbc-2.6.4.jar;C:\Users\roman\.m2\repository\com\zaxxer\HikariCP\4.0.3\HikariCP-4.0.3.jar;C:\Users\roman\.m2\repository\org\springframework\spring-jdbc\5.3.16\spring-jdbc-5.3.16.jar;C:\Users\roman\.m2\repository\jakarta\transaction\jakarta.transaction-api\1.3.3\jakarta.transaction-api-1.3.3.jar;C:\Users\roman\.m2\repository\jakarta\persistence\jakarta.persistence-api\2.2.3\jakarta.persistence-api-2.2.3.jar;C:\Users\roman\.m2\repository\org\hibernate\hibernate-core\5.6.5.Final\hibernate-core-5.6.5.Final.jar;C:\Users\roman\.m2\repository\net\bytebuddy\byte-buddy\1.11.22\byte-buddy-1.11.22.jar;C:\Users\roman\.m2\repository\antlr\antlr\2.7.7\antlr-2.7.7.jar;C:\Users\roman\.m2\repository\org\jboss\jandex\2.4.2.Final\jandex-2.4.2.Final.jar;C:\Users\roman\.m2\repository\org\hibernate\common\hibernate-commons-annotations\5.1.2.Final\hibernate-commons-annotations-5.1.2.Final.jar;C:\Users\roman\.m2\repository\org\glassfish\jaxb\jaxb-runtime\2.3.6\jaxb-runtime-2.3.6.jar;C:\Users\roman\.m2\repository\org\glassfish\jaxb\txw2\2.3.6\txw2-2.3.6.jar;C:\Users\roman\.m2\repository\com\sun\istack\istack-commons-runtime\3.0.12\istack-commons-runtime-3.0.12.jar;C:\Users\roman\.m2\repository\com\sun\activation\jakarta.activation\1.2.2\jakarta.activation-1.2.2.jar;C:\Users\roman\.m2\repository\org\springframework\data\spring-data-jpa\2.6.2\spring-data-jpa-2.6.2.jar;C:\Users\roman\.m2\repository\org\springframework\data\spring-data-commons\2.6.2\spring-data-commons-2.6.2.jar;C:\Users\roman\.m2\repository\org\springframework\spring-orm\5.3.16\spring-orm-5.3.16.jar;C:\Users\roman\.m2\repository\org\springframework\spring-context\5.3.16\spring-context-5.3.16.jar;C:\Users\roman\.m2\repository\org\springframework\spring-tx\5.3.16\spring-tx-5.3.16.jar;C:\Users\roman\.m2\repository\org\springframework\spring-beans\5.3.16\spring-beans-5.3.16.jar;C:\Users\roman\.m2\repository\org\springframework\spring-aspects\5.3.16\spring-aspects-5.3.16.jar;C:\Users\roman\.m2\repository\org\springframework\boot\spring-boot-starter-thymeleaf\2.6.4\spring-boot-starter-thymeleaf-2.6.4.jar;C:\Users\roman\.m2\repository\org\thymeleaf\thymeleaf-spring5\3.0.15.RELEASE\thymeleaf-spring5-3.0.15.RELEASE.jar;C:\Users\roman\.m2\repository\org\thymeleaf\thymeleaf\3.0.15.RELEASE\thymeleaf-3.0.15.RELEASE.jar;C:\Users\roman\.m2\repository\org\attoparser\attoparser\2.0.5.RELEASE\attoparser-2.0.5.RELEASE.jar;C:\Users\roman\.m2\repository\org\unbescape\unbescape\1.1.6.RELEASE\unbescape-1.1.6.RELEASE.jar;C:\Users\roman\.m2\repository\org\thymeleaf\extras\thymeleaf-extras-java8time\3.0.4.RELEASE\thymeleaf-extras-java8time-3.0.4.RELEASE.jar;C:\Users\roman\.m2\repository\org\springframework\boot\spring-boot-starter-web\2.6.4\spring-boot-starter-web-2.6.4.jar;C:\Users\roman\.m2\repository\org\springframework\boot\spring-boot-starter-json\2.6.4\spring-boot-starter-json-2.6.4.jar;C:\Users\roman\.m2\repository\com\fasterxml\jackson\core\jackson-databind\2.13.1\jackson-databind-2.13.1.jar;C:\Users\roman\.m2\repository\com\fasterxml\jackson\core\jackson-annotations\2.13.1\jackson-annotations-2.13.1.jar;C:\Users\roman\.m2\repository\com\fasterxml\jackson\core\jackson-core\2.13.1\jackson-core-2.13.1.jar;C:\Users\roman\.m2\repository\com\fasterxml\jackson\datatype\jackson-datatype-jdk8\2.13.1\jackson-datatype-jdk8-2.13.1.jar;C:\Users\roman\.m2\repository\com\fasterxml\jackson\datatype\jackson-datatype-jsr310\2.13.1\jackson-datatype-jsr310-2.13.1.jar;C:\Users\roman\.m2\repository\com\fasterxml\jackson\module\jackson-module-parameter-names\2.13.1\jackson-module-parameter-names-2.13.1.jar;C:\Users\roman\.m2\repository\org\springframework\boot\spring-boot-starter-tomcat\2.6.4\spring-boot-starter-tomcat-2.6.4.jar;C:\Users\roman\.m2\repository\org\apache\tomcat\embed\tomcat-embed-core\9.0.58\tomcat-embed-core-9.0.58.jar;C:\Users\roman\.m2\repository\org\apache\tomcat\embed\tomcat-embed-websocket\9.0.58\tomcat-embed-websocket-9.0.58.jar;C:\Users\roman\.m2\repository\org\springframework\spring-web\5.3.16\spring-web-5.3.16.jar;C:\Users\roman\.m2\repository\org\springframework\spring-webmvc\5.3.16\spring-webmvc-5.3.16.jar;C:\Users\roman\.m2\repository\org\springframework\spring-expression\5.3.16\spring-expression-5.3.16.jar;C:\Users\roman\.m2\repository\org\springframework\boot\spring-boot-starter-security\2.6.4\spring-boot-starter-security-2.6.4.jar;C:\Users\roman\.m2\repository\org\springframework\spring-aop\5.3.16\spring-aop-5.3.16.jar;C:\Users\roman\.m2\repository\org\springframework\security\spring-security-config\5.6.2\spring-security-config-5.6.2.jar;C:\Users\roman\.m2\repository\org\springframework\security\spring-security-core\5.6.2\spring-security-core-5.6.2.jar;C:\Users\roman\.m2\repository\org\springframework\security\spring-security-crypto\5.6.2\spring-security-crypto-5.6.2.jar;C:\Users\roman\.m2\repository\org\springframework\security\spring-security-web\5.6.2\spring-security-web-5.6.2.jar;C:\Users\roman\.m2\repository\org\springframework\boot\spring-boot-devtools\2.6.4\spring-boot-devtools-2.6.4.jar;C:\Users\roman\.m2\repository\org\springframework\boot\spring-boot\2.6.4\spring-boot-2.6.4.jar;C:\Users\roman\.m2\repository\org\springframework\boot\spring-boot-autoconfigure\2.6.4\spring-boot-autoconfigure-2.6.4.jar;C:\Users\roman\.m2\repository\org\postgresql\postgresql\42.3.3\postgresql-42.3.3.jar;C:\Users\roman\.m2\repository\org\checkerframework\checker-qual\3.5.0\checker-qual-3.5.0.jar;C:\Users\roman\.m2\repository\org\springframework\boot\spring-boot-starter-test\2.6.4\spring-boot-starter-test-2.6.4.jar;C:\Users\roman\.m2\repository\org\springframework\boot\spring-boot-test\2.6.4\spring-boot-test-2.6.4.jar;C:\Users\roman\.m2\repository\org\springframework\boot\spring-boot-test-autoconfigure\2.6.4\spring-boot-test-autoconfigure-2.6.4.jar;C:\Users\roman\.m2\repository\com\jayway\jsonpath\json-path\2.6.0\json-path-2.6.0.jar;C:\Users\roman\.m2\repository\net\minidev\json-smart\2.4.8\json-smart-2.4.8.jar;C:\Users\roman\.m2\repository\net\minidev\accessors-smart\2.4.8\accessors-smart-2.4.8.jar;C:\Users\roman\.m2\repository\org\ow2\asm\asm\9.1\asm-9.1.jar;C:\Users\roman\.m2\repository\jakarta\xml\bind\jakarta.xml.bind-api\2.3.3\jakarta.xml.bind-api-2.3.3.jar;C:\Users\roman\.m2\repository\jakarta\activation\jakarta.activation-api\1.2.2\jakarta.activation-api-1.2.2.jar;C:\Users\roman\.m2\repository\org\assertj\assertj-core\3.21.0\assertj-core-3.21.0.jar;C:\Users\roman\.m2\repository\org\hamcrest\hamcrest\2.2\hamcrest-2.2.jar;C:\Users\roman\.m2\repository\org\junit\jupiter\junit-jupiter\5.8.2\junit-jupiter-5.8.2.jar;C:\Users\roman\.m2\repository\org\junit\jupiter\junit-jupiter-api\5.8.2\junit-jupiter-api-5.8.2.jar;C:\Users\roman\.m2\repository\org\opentest4j\opentest4j\1.2.0\opentest4j-1.2.0.jar;C:\Users\roman\.m2\repository\org\junit\platform\junit-platform-commons\1.8.2\junit-platform-commons-1.8.2.jar;C:\Users\roman\.m2\repository\org\apiguardian\apiguardian-api\1.1.2\apiguardian-api-1.1.2.jar;C:\Users\roman\.m2\repository\org\junit\jupiter\junit-jupiter-params\5.8.2\junit-jupiter-params-5.8.2.jar;C:\Users\roman\.m2\repository\org\junit\jupiter\junit-jupiter-engine\5.8.2\junit-jupiter-engine-5.8.2.jar;C:\Users\roman\.m2\repository\org\junit\platform\junit-platform-engine\1.8.2\junit-platform-engine-1.8.2.jar;C:\Users\roman\.m2\repository\org\mockito\mockito-core\4.0.0\mockito-core-4.0.0.jar;C:\Users\roman\.m2\repository\net\bytebuddy\byte-buddy-agent\1.11.22\byte-buddy-agent-1.11.22.jar;C:\Users\roman\.m2\repository\org\objenesis\objenesis\3.2\objenesis-3.2.jar;C:\Users\roman\.m2\repository\org\mockito\mockito-junit-jupiter\4.0.0\mockito-junit-jupiter-4.0.0.jar;C:\Users\roman\.m2\repository\org\skyscreamer\jsonassert\1.5.0\jsonassert-1.5.0.jar;C:\Users\roman\.m2\repository\com\vaadin\external\google\android-json\0.0.20131108.vaadin1\android-json-0.0.20131108.vaadin1.jar;C:\Users\roman\.m2\repository\org\springframework\spring-core\5.3.16\spring-core-5.3.16.jar;C:\Users\roman\.m2\repository\org\springframework\spring-jcl\5.3.16\spring-jcl-5.3.16.jar;C:\Users\roman\.m2\repository\org\springframework\spring-test\5.3.16\spring-test-5.3.16.jar;C:\Users\roman\.m2\repository\org\xmlunit\xmlunit-core\2.8.4\xmlunit-core-2.8.4.jar;C:\Users\roman\.m2\repository\com\paypal\sdk\rest-api-sdk\1.14.0\rest-api-sdk-1.14.0.jar;C:\Users\roman\.m2\repository\org\slf4j\slf4j-api\1.7.36\slf4j-api-1.7.36.jar;C:\Users\roman\.m2\repository\com\google\code\gson\gson\2.8.9\gson-2.8.9.jar;C:\Users\roman\.m2\repository\com\microsoft\azure\azure-sqldb-spark\1.0.2\azure-sqldb-spark-1.0.2.jar;C:\Users\roman\.m2\repository\org\scala-lang\scala-library\2.11.8\scala-library-2.11.8.jar;C:\Users\roman\.m2\repository\org\apache\spark\spark-core_2.11\2.2.1\spark-core_2.11-2.2.1.jar;C:\Users\roman\.m2\repository\org\apache\avro\avro\1.7.7\avro-1.7.7.jar;C:\Users\roman\.m2\repository\org\codehaus\jackson\jackson-core-asl\1.9.13\jackson-core-asl-1.9.13.jar;C:\Users\roman\.m2\repository\org\codehaus\jackson\jackson-mapper-asl\1.9.13\jackson-mapper-asl-1.9.13.jar;C:\Users\roman\.m2\repository\com\thoughtworks\paranamer\paranamer\2.3\paranamer-2.3.jar;C:\Users\roman\.m2\repository\org\apache\commons\commons-compress\1.4.1\commons-compress-1.4.1.jar;C:\Users\roman\.m2\repository\org\tukaani\xz\1.0\xz-1.0.jar;C:\Users\roman\.m2\repository\org\apache\avro\avro-mapred\1.7.7\avro-mapred-1.7.7-hadoop2.jar;C:\Users\roman\.m2\repository\org\apache\avro\avro-ipc\1.7.7\avro-ipc-1.7.7.jar;C:\Users\roman\.m2\repository\org\apache\avro\avro-ipc\1.7.7\avro-ipc-1.7.7-tests.jar;C:\Users\roman\.m2\repository\com\twitter\chill_2.11\0.8.0\chill_2.11-0.8.0.jar;C:\Users\roman\.m2\repository\com\esotericsoftware\kryo-shaded\3.0.3\kryo-shaded-3.0.3.jar;C:\Users\roman\.m2\repository\com\esotericsoftware\minlog\1.3.0\minlog-1.3.0.jar;C:\Users\roman\.m2\repository\com\twitter\chill-java\0.8.0\chill-java-0.8.0.jar;C:\Users\roman\.m2\repository\org\apache\xbean\xbean-asm5-shaded\4.4\xbean-asm5-shaded-4.4.jar;C:\Users\roman\.m2\repository\org\apache\hadoop\hadoop-client\2.6.5\hadoop-client-2.6.5.jar;C:\Users\roman\.m2\repository\org\apache\hadoop\hadoop-common\2.6.5\hadoop-common-2.6.5.jar;C:\Users\roman\.m2\repository\commons-cli\commons-cli\1.2\commons-cli-1.2.jar;C:\Users\roman\.m2\repository\xmlenc\xmlenc\0.52\xmlenc-0.52.jar;C:\Users\roman\.m2\repository\commons-httpclient\commons-httpclient\3.1\commons-httpclient-3.1.jar;C:\Users\roman\.m2\repository\commons-io\commons-io\2.4\commons-io-2.4.jar;C:\Users\roman\.m2\repository\commons-collections\commons-collections\3.2.2\commons-collections-3.2.2.jar;C:\Users\roman\.m2\repository\commons-lang\commons-lang\2.6\commons-lang-2.6.jar;C:\Users\roman\.m2\repository\commons-configuration\commons-configuration\1.6\commons-configuration-1.6.jar;C:\Users\roman\.m2\repository\commons-digester\commons-digester\1.8\commons-digester-1.8.jar;C:\Users\roman\.m2\repository\commons-beanutils\commons-beanutils\1.7.0\commons-beanutils-1.7.0.jar;C:\Users\roman\.m2\repository\commons-beanutils\commons-beanutils-core\1.8.0\commons-beanutils-core-1.8.0.jar;C:\Users\roman\.m2\repository\com\google\protobuf\protobuf-java\2.5.0\protobuf-java-2.5.0.jar;C:\Users\roman\.m2\repository\org\apache\hadoop\hadoop-auth\2.6.5\hadoop-auth-2.6.5.jar;C:\Users\roman\.m2\repository\org\apache\directory\server\apacheds-kerberos-codec\2.0.0-M15\apacheds-kerberos-codec-2.0.0-M15.jar;C:\Users\roman\.m2\repository\org\apache\directory\server\apacheds-i18n\2.0.0-M15\apacheds-i18n-2.0.0-M15.jar;C:\Users\roman\.m2\repository\org\apache\directory\api\api-asn1-api\1.0.0-M20\api-asn1-api-1.0.0-M20.jar;C:\Users\roman\.m2\repository\org\apache\directory\api\api-util\1.0.0-M20\api-util-1.0.0-M20.jar;C:\Users\roman\.m2\repository\org\apache\curator\curator-client\2.6.0\curator-client-2.6.0.jar;C:\Users\roman\.m2\repository\org\htrace\htrace-core\3.0.4\htrace-core-3.0.4.jar;C:\Users\roman\.m2\repository\org\apache\hadoop\hadoop-hdfs\2.6.5\hadoop-hdfs-2.6.5.jar;C:\Users\roman\.m2\repository\org\mortbay\jetty\jetty-util\6.1.26\jetty-util-6.1.26.jar;C:\Users\roman\.m2\repository\xerces\xercesImpl\2.9.1\xercesImpl-2.9.1.jar;C:\Users\roman\.m2\repository\xml-apis\xml-apis\1.3.04\xml-apis-1.3.04.jar;C:\Users\roman\.m2\repository\org\apache\hadoop\hadoop-mapreduce-client-app\2.6.5\hadoop-mapreduce-client-app-2.6.5.jar;C:\Users\roman\.m2\repository\org\apache\hadoop\hadoop-mapreduce-client-common\2.6.5\hadoop-mapreduce-client-common-2.6.5.jar;C:\Users\roman\.m2\repository\org\apache\hadoop\hadoop-yarn-client\2.6.5\hadoop-yarn-client-2.6.5.jar;C:\Users\roman\.m2\repository\org\apache\hadoop\hadoop-yarn-server-common\2.6.5\hadoop-yarn-server-common-2.6.5.jar;C:\Users\roman\.m2\repository\org\apache\hadoop\hadoop-mapreduce-client-shuffle\2.6.5\hadoop-mapreduce-client-shuffle-2.6.5.jar;C:\Users\roman\.m2\repository\org\apache\hadoop\hadoop-yarn-api\2.6.5\hadoop-yarn-api-2.6.5.jar;C:\Users\roman\.m2\repository\org\apache\hadoop\hadoop-mapreduce-client-core\2.6.5\hadoop-mapreduce-client-core-2.6.5.jar;C:\Users\roman\.m2\repository\org\apache\hadoop\hadoop-yarn-common\2.6.5\hadoop-yarn-common-2.6.5.jar;C:\Users\roman\.m2\repository\javax\xml\bind\jaxb-api\2.3.1\jaxb-api-2.3.1.jar;C:\Users\roman\.m2\repository\javax\activation\javax.activation-api\1.2.0\javax.activation-api-1.2.0.jar;C:\Users\roman\.m2\repository\org\codehaus\jackson\jackson-jaxrs\1.9.13\jackson-jaxrs-1.9.13.jar;C:\Users\roman\.m2\repository\org\codehaus\jackson\jackson-xc\1.9.13\jackson-xc-1.9.13.jar;C:\Users\roman\.m2\repository\org\apache\hadoop\hadoop-mapreduce-client-jobclient\2.6.5\hadoop-mapreduce-client-jobclient-2.6.5.jar;C:\Users\roman\.m2\repository\org\apache\hadoop\hadoop-annotations\2.6.5\hadoop-annotations-2.6.5.jar;C:\Users\roman\.m2\repository\org\apache\spark\spark-launcher_2.11\2.2.1\spark-launcher_2.11-2.2.1.jar;C:\Users\roman\.m2\repository\org\apache\spark\spark-network-common_2.11\2.2.1\spark-network-common_2.11-2.2.1.jar;C:\Users\roman\.m2\repository\org\fusesource\leveldbjni\leveldbjni-all\1.8\leveldbjni-all-1.8.jar;C:\Users\roman\.m2\repository\org\apache\spark\spark-network-shuffle_2.11\2.2.1\spark-network-shuffle_2.11-2.2.1.jar;C:\Users\roman\.m2\repository\org\apache\spark\spark-unsafe_2.11\2.2.1\spark-unsafe_2.11-2.2.1.jar;C:\Users\roman\.m2\repository\net\java\dev\jets3t\jets3t\0.9.3\jets3t-0.9.3.jar;C:\Users\roman\.m2\repository\org\apache\httpcomponents\httpcore\4.4.15\httpcore-4.4.15.jar;C:\Users\roman\.m2\repository\org\apache\httpcomponents\httpclient\4.5.13\httpclient-4.5.13.jar;C:\Users\roman\.m2\repository\javax\activation\activation\1.1.1\activation-1.1.1.jar;C:\Users\roman\.m2\repository\mx4j\mx4j\3.0.2\mx4j-3.0.2.jar;C:\Users\roman\.m2\repository\javax\mail\mail\1.4.7\mail-1.4.7.jar;C:\Users\roman\.m2\repository\org\bouncycastle\bcprov-jdk15on\1.51\bcprov-jdk15on-1.51.jar;C:\Users\roman\.m2\repository\com\jamesmurty\utils\java-xmlbuilder\1.0\java-xmlbuilder-1.0.jar;C:\Users\roman\.m2\repository\net\iharder\base64\2.3.8\base64-2.3.8.jar;C:\Users\roman\.m2\repository\org\apache\curator\curator-recipes\2.6.0\curator-recipes-2.6.0.jar;C:\Users\roman\.m2\repository\org\apache\curator\curator-framework\2.6.0\curator-framework-2.6.0.jar;C:\Users\roman\.m2\repository\org\apache\zookeeper\zookeeper\3.4.6\zookeeper-3.4.6.jar;C:\Users\roman\.m2\repository\com\google\guava\guava\16.0.1\guava-16.0.1.jar;C:\Users\roman\.m2\repository\javax\servlet\javax.servlet-api\4.0.1\javax.servlet-api-4.0.1.jar;C:\Users\roman\.m2\repository\org\apache\commons\commons-lang3\3.12.0\commons-lang3-3.12.0.jar;C:\Users\roman\.m2\repository\org\apache\commons\commons-math3\3.4.1\commons-math3-3.4.1.jar;C:\Users\roman\.m2\repository\com\google\code\findbugs\jsr305\1.3.9\jsr305-1.3.9.jar;C:\Users\roman\.m2\repository\org\slf4j\jul-to-slf4j\1.7.36\jul-to-slf4j-1.7.36.jar;C:\Users\roman\.m2\repository\org\slf4j\jcl-over-slf4j\1.7.36\jcl-over-slf4j-1.7.36.jar;C:\Users\roman\.m2\repository\log4j\log4j\1.2.17\log4j-1.2.17.jar;C:\Users\roman\.m2\repository\org\slf4j\slf4j-reload4j\1.7.36\slf4j-reload4j-1.7.36.jar;C:\Users\roman\.m2\repository\ch\qos\reload4j\reload4j\1.2.19\reload4j-1.2.19.jar;C:\Users\roman\.m2\repository\com\ning\compress-lzf\1.0.3\compress-lzf-1.0.3.jar;C:\Users\roman\.m2\repository\org\xerial\snappy\snappy-java\1.1.2.6\snappy-java-1.1.2.6.jar;C:\Users\roman\.m2\repository\net\jpountz\lz4\lz4\1.3.0\lz4-1.3.0.jar;C:\Users\roman\.m2\repository\org\roaringbitmap\RoaringBitmap\0.5.11\RoaringBitmap-0.5.11.jar;C:\Users\roman\.m2\repository\commons-net\commons-net\2.2\commons-net-2.2.jar;C:\Users\roman\.m2\repository\org\json4s\json4s-jackson_2.11\3.2.11\json4s-jackson_2.11-3.2.11.jar;C:\Users\roman\.m2\repository\org\json4s\json4s-core_2.11\3.2.11\json4s-core_2.11-3.2.11.jar;C:\Users\roman\.m2\repository\org\json4s\json4s-ast_2.11\3.2.11\json4s-ast_2.11-3.2.11.jar;C:\Users\roman\.m2\repository\org\scala-lang\scalap\2.11.0\scalap-2.11.0.jar;C:\Users\roman\.m2\repository\org\scala-lang\scala-compiler\2.11.0\scala-compiler-2.11.0.jar;C:\Users\roman\.m2\repository\org\scala-lang\modules\scala-xml_2.11\1.0.1\scala-xml_2.11-1.0.1.jar;C:\Users\roman\.m2\repository\org\scala-lang\modules\scala-parser-combinators_2.11\1.0.1\scala-parser-combinators_2.11-1.0.1.jar;C:\Users\roman\.m2\repository\org\glassfish\jersey\core\jersey-client\2.35\jersey-client-2.35.jar;C:\Users\roman\.m2\repository\jakarta\ws\rs\jakarta.ws.rs-api\2.1.6\jakarta.ws.rs-api-2.1.6.jar;C:\Users\roman\.m2\repository\org\glassfish\hk2\external\jakarta.inject\2.6.1\jakarta.inject-2.6.1.jar;C:\Users\roman\.m2\repository\org\glassfish\jersey\core\jersey-common\2.35\jersey-common-2.35.jar;C:\Users\roman\.m2\repository\org\glassfish\hk2\osgi-resource-locator\1.0.3\osgi-resource-locator-1.0.3.jar;C:\Users\roman\.m2\repository\org\glassfish\jersey\core\jersey-server\2.35\jersey-server-2.35.jar;C:\Users\roman\.m2\repository\org\glassfish\jersey\containers\jersey-container-servlet\2.35\jersey-container-servlet-2.35.jar;C:\Users\roman\.m2\repository\org\glassfish\jersey\containers\jersey-container-servlet-core\2.35\jersey-container-servlet-core-2.35.jar;C:\Users\roman\.m2\repository\io\netty\netty-all\4.1.74.Final\netty-all-4.1.74.Final.jar;C:\Users\roman\.m2\repository\io\netty\netty-buffer\4.1.74.Final\netty-buffer-4.1.74.Final.jar;C:\Users\roman\.m2\repository\io\netty\netty-codec\4.1.74.Final\netty-codec-4.1.74.Final.jar;C:\Users\roman\.m2\repository\io\netty\netty-codec-dns\4.1.74.Final\netty-codec-dns-4.1.74.Final.jar;C:\Users\roman\.m2\repository\io\netty\netty-codec-haproxy\4.1.74.Final\netty-codec-haproxy-4.1.74.Final.jar;C:\Users\roman\.m2\repository\io\netty\netty-codec-http\4.1.74.Final\netty-codec-http-4.1.74.Final.jar;C:\Users\roman\.m2\repository\io\netty\netty-codec-http2\4.1.74.Final\netty-codec-http2-4.1.74.Final.jar;C:\Users\roman\.m2\repository\io\netty\netty-codec-memcache\4.1.74.Final\netty-codec-memcache-4.1.74.Final.jar;C:\Users\roman\.m2\repository\io\netty\netty-codec-mqtt\4.1.74.Final\netty-codec-mqtt-4.1.74.Final.jar;C:\Users\roman\.m2\repository\io\netty\netty-codec-redis\4.1.74.Final\netty-codec-redis-4.1.74.Final.jar;C:\Users\roman\.m2\repository\io\netty\netty-codec-smtp\4.1.74.Final\netty-codec-smtp-4.1.74.Final.jar;C:\Users\roman\.m2\repository\io\netty\netty-codec-socks\4.1.74.Final\netty-codec-socks-4.1.74.Final.jar;C:\Users\roman\.m2\repository\io\netty\netty-codec-stomp\4.1.74.Final\netty-codec-stomp-4.1.74.Final.jar;C:\Users\roman\.m2\repository\io\netty\netty-codec-xml\4.1.74.Final\netty-codec-xml-4.1.74.Final.jar;C:\Users\roman\.m2\repository\io\netty\netty-common\4.1.74.Final\netty-common-4.1.74.Final.jar;C:\Users\roman\.m2\repository\io\netty\netty-handler\4.1.74.Final\netty-handler-4.1.74.Final.jar;C:\Users\roman\.m2\repository\io\netty\netty-tcnative-classes\2.0.48.Final\netty-tcnative-classes-2.0.48.Final.jar;C:\Users\roman\.m2\repository\io\netty\netty-handler-proxy\4.1.74.Final\netty-handler-proxy-4.1.74.Final.jar;C:\Users\roman\.m2\repository\io\netty\netty-resolver\4.1.74.Final\netty-resolver-4.1.74.Final.jar;C:\Users\roman\.m2\repository\io\netty\netty-resolver-dns\4.1.74.Final\netty-resolver-dns-4.1.74.Final.jar;C:\Users\roman\.m2\repository\io\netty\netty-transport\4.1.74.Final\netty-transport-4.1.74.Final.jar;C:\Users\roman\.m2\repository\io\netty\netty-transport-rxtx\4.1.74.Final\netty-transport-rxtx-4.1.74.Final.jar;C:\Users\roman\.m2\repository\io\netty\netty-transport-sctp\4.1.74.Final\netty-transport-sctp-4.1.74.Final.jar;C:\Users\roman\.m2\repository\io\netty\netty-transport-udt\4.1.74.Final\netty-transport-udt-4.1.74.Final.jar;C:\Users\roman\.m2\repository\io\netty\netty-transport-classes-epoll\4.1.74.Final\netty-transport-classes-epoll-4.1.74.Final.jar;C:\Users\roman\.m2\repository\io\netty\netty-transport-native-unix-common\4.1.74.Final\netty-transport-native-unix-common-4.1.74.Final.jar;C:\Users\roman\.m2\repository\io\netty\netty-transport-classes-kqueue\4.1.74.Final\netty-transport-classes-kqueue-4.1.74.Final.jar;C:\Users\roman\.m2\repository\io\netty\netty-resolver-dns-classes-macos\4.1.74.Final\netty-resolver-dns-classes-macos-4.1.74.Final.jar;C:\Users\roman\.m2\repository\io\netty\netty-transport-native-epoll\4.1.74.Final\netty-transport-native-epoll-4.1.74.Final-linux-x86_64.jar;C:\Users\roman\.m2\repository\io\netty\netty-transport-native-epoll\4.1.74.Final\netty-transport-native-epoll-4.1.74.Final-linux-aarch_64.jar;C:\Users\roman\.m2\repository\io\netty\netty-transport-native-kqueue\4.1.74.Final\netty-transport-native-kqueue-4.1.74.Final-osx-x86_64.jar;C:\Users\roman\.m2\repository\io\netty\netty-transport-native-kqueue\4.1.74.Final\netty-transport-native-kqueue-4.1.74.Final-osx-aarch_64.jar;C:\Users\roman\.m2\repository\io\netty\netty-resolver-dns-native-macos\4.1.74.Final\netty-resolver-dns-native-macos-4.1.74.Final-osx-x86_64.jar;C:\Users\roman\.m2\repository\io\netty\netty-resolver-dns-native-macos\4.1.74.Final\netty-resolver-dns-native-macos-4.1.74.Final-osx-aarch_64.jar;C:\Users\roman\.m2\repository\io\netty\netty\3.9.9.Final\netty-3.9.9.Final.jar;C:\Users\roman\.m2\repository\com\clearspring\analytics\stream\2.7.0\stream-2.7.0.jar;C:\Users\roman\.m2\repository\io\dropwizard\metrics\metrics-core\4.2.8\metrics-core-4.2.8.jar;C:\Users\roman\.m2\repository\io\dropwizard\metrics\metrics-jvm\4.2.8\metrics-jvm-4.2.8.jar;C:\Users\roman\.m2\repository\io\dropwizard\metrics\metrics-json\4.2.8\metrics-json-4.2.8.jar;C:\Users\roman\.m2\repository\io\dropwizard\metrics\metrics-graphite\4.2.8\metrics-graphite-4.2.8.jar;C:\Users\roman\.m2\repository\com\rabbitmq\amqp-client\5.13.1\amqp-client-5.13.1.jar;C:\Users\roman\.m2\repository\com\fasterxml\jackson\module\jackson-module-scala_2.11\2.13.1\jackson-module-scala_2.11-2.13.1.jar;C:\Users\roman\.m2\repository\org\apache\ivy\ivy\2.4.0\ivy-2.4.0.jar;C:\Users\roman\.m2\repository\oro\oro\2.0.8\oro-2.0.8.jar;C:\Users\roman\.m2\repository\net\razorvine\pyrolite\4.13\pyrolite-4.13.jar;C:\Users\roman\.m2\repository\net\sf\py4j\py4j\0.10.4\py4j-0.10.4.jar;C:\Users\roman\.m2\repository\org\apache\spark\spark-tags_2.11\2.2.1\spark-tags_2.11-2.2.1.jar;C:\Users\roman\.m2\repository\org\apache\commons\commons-crypto\1.0.0\commons-crypto-1.0.0.jar;C:\Users\roman\.m2\repository\org\spark-project\spark\unused\1.0.0\unused-1.0.0.jar;C:\Users\roman\.m2\repository\org\apache\spark\spark-sql_2.11\2.2.1\spark-sql_2.11-2.2.1.jar;C:\Users\roman\.m2\repository\com\univocity\univocity-parsers\2.2.1\univocity-parsers-2.2.1.jar;C:\Users\roman\.m2\repository\org\apache\spark\spark-sketch_2.11\2.2.1\spark-sketch_2.11-2.2.1.jar;C:\Users\roman\.m2\repository\org\apache\spark\spark-catalyst_2.11\2.2.1\spark-catalyst_2.11-2.2.1.jar;C:\Users\roman\.m2\repository\org\codehaus\janino\janino\3.1.6\janino-3.1.6.jar;C:\Users\roman\.m2\repository\org\codehaus\janino\commons-compiler\3.1.6\commons-compiler-3.1.6.jar;C:\Users\roman\.m2\repository\org\antlr\antlr4-runtime\4.5.3\antlr4-runtime-4.5.3.jar;C:\Users\roman\.m2\repository\org\apache\parquet\parquet-column\1.8.2\parquet-column-1.8.2.jar;C:\Users\roman\.m2\repository\org\apache\parquet\parquet-common\1.8.2\parquet-common-1.8.2.jar;C:\Users\roman\.m2\repository\org\apache\parquet\parquet-encoding\1.8.2\parquet-encoding-1.8.2.jar;C:\Users\roman\.m2\repository\org\apache\parquet\parquet-hadoop\1.8.2\parquet-hadoop-1.8.2.jar;C:\Users\roman\.m2\repository\org\apache\parquet\parquet-format\2.3.1\parquet-format-2.3.1.jar;C:\Users\roman\.m2\repository\org\apache\parquet\parquet-jackson\1.8.2\parquet-jackson-1.8.2.jar;C:\Users\roman\.m2\repository\org\scalactic\scalactic_2.11\3.0.4\scalactic_2.11-3.0.4.jar;C:\Users\roman\.m2\repository\org\scala-lang\scala-reflect\2.11.11\scala-reflect-2.11.11.jar;C:\Users\roman\.m2\repository\com\microsoft\azure\adal4j\1.2.0\adal4j-1.2.0.jar;C:\Users\roman\.m2\repository\com\nimbusds\oauth2-oidc-sdk\5.18.1\oauth2-oidc-sdk-5.18.1.jar;C:\Users\roman\.m2\repository\com\github\stephenc\jcip\jcip-annotations\1.0-1\jcip-annotations-1.0-1.jar;C:\Users\roman\.m2\repository\org\apache\commons\commons-collections4\4.1\commons-collections4-4.1.jar;C:\Users\roman\.m2\repository\com\nimbusds\lang-tag\1.7\lang-tag-1.7.jar;C:\Users\roman\.m2\repository\com\nimbusds\nimbus-jose-jwt\9.31\nimbus-jose-jwt-9.31.jar;C:\Users\roman\.m2\repository\commons-codec\commons-codec\1.15\commons-codec-1.15.jar;C:\Users\roman\.m2\repository\com\microsoft\sqlserver\mssql-jdbc\9.4.1.jre8\mssql-jdbc-9.4.1.jre8.jar;C:\Users\roman\.m2\repository\org\apache\maven\plugins\maven-gpg-plugin\1.6\maven-gpg-plugin-1.6.jar;C:\Users\roman\.m2\repository\org\apache\maven\maven-plugin-api\2.2.1\maven-plugin-api-2.2.1.jar;C:\Users\roman\.m2\repository\org\apache\maven\maven-project\2.2.1\maven-project-2.2.1.jar;C:\Users\roman\.m2\repository\org\apache\maven\maven-settings\2.2.1\maven-settings-2.2.1.jar;C:\Users\roman\.m2\repository\org\apache\maven\maven-profile\2.2.1\maven-profile-2.2.1.jar;C:\Users\roman\.m2\repository\org\apache\maven\maven-artifact-manager\2.2.1\maven-artifact-manager-2.2.1.jar;C:\Users\roman\.m2\repository\org\apache\maven\wagon\wagon-provider-api\1.0-beta-6\wagon-provider-api-1.0-beta-6.jar;C:\Users\roman\.m2\repository\backport-util-concurrent\backport-util-concurrent\3.1\backport-util-concurrent-3.1.jar;C:\Users\roman\.m2\repository\org\apache\maven\maven-plugin-registry\2.2.1\maven-plugin-registry-2.2.1.jar;C:\Users\roman\.m2\repository\org\codehaus\plexus\plexus-interpolation\1.11\plexus-interpolation-1.11.jar;C:\Users\roman\.m2\repository\org\codehaus\plexus\plexus-container-default\1.0-alpha-9-stable-1\plexus-container-default-1.0-alpha-9-stable-1.jar;C:\Users\roman\.m2\repository\junit\junit\4.13.2\junit-4.13.2.jar;C:\Users\roman\.m2\repository\org\hamcrest\hamcrest-core\2.2\hamcrest-core-2.2.jar;C:\Users\roman\.m2\repository\classworlds\classworlds\1.1-alpha-2\classworlds-1.1-alpha-2.jar;C:\Users\roman\.m2\repository\org\apache\maven\maven-artifact\2.2.1\maven-artifact-2.2.1.jar;C:\Users\roman\.m2\repository\org\apache\maven\maven-repository-metadata\2.2.1\maven-repository-metadata-2.2.1.jar;C:\Users\roman\.m2\repository\org\apache\maven\maven-model\2.2.1\maven-model-2.2.1.jar;C:\Users\roman\.m2\repository\org\codehaus\plexus\plexus-utils\3.0.20\plexus-utils-3.0.20.jar;C:\Users\roman\.m2\repository\org\sonatype\plexus\plexus-sec-dispatcher\1.4\plexus-sec-dispatcher-1.4.jar;C:\Users\roman\.m2\repository\org\sonatype\plexus\plexus-cipher\1.4\plexus-cipher-1.4.jar;"/>
    <property name="sun.cpu.endian" value="little"/>
    <property name="user.home" value="C:\Users\roman"/>
    <property name="user.language" value="es"/>
    <property name="java.specification.vendor" value="Oracle Corporation"/>
    <property name="java.version.date" value="2023-01-17"/>
    <property name="java.home" value="C:\Program Files\Java\jdk-17"/>
    <property name="file.separator" value="\"/>
    <property name="basedir" value="D:\us\ispp\bart app\repo\bart"/>
    <property name="java.vm.compressedOopsMode" value="Zero based"/>
    <property name="line.separator" value="&#10;"/>
    <property name="java.vm.specification.vendor" value="Oracle Corporation"/>
    <property name="java.specification.name" value="Java Platform API Specification"/>
    <property name="surefire.real.class.path" value="C:\Users\roman\AppData\Local\Temp\surefire10374140665593430602\surefirebooter17194594913592952351.jar"/>
    <property name="user.script" value=""/>
    <property name="sun.management.compiler" value="HotSpot 64-Bit Tiered Compilers"/>
    <property name="java.runtime.version" value="17.0.6+9-LTS-190"/>
    <property name="user.name" value="roman"/>
    <property name="path.separator" value=";"/>
    <property name="os.version" value="10.0"/>
    <property name="java.runtime.name" value="Java(TM) SE Runtime Environment"/>
    <property name="file.encoding" value="Cp1252"/>
    <property name="java.vm.name" value="Java HotSpot(TM) 64-Bit Server VM"/>
    <property name="localRepository" value="C:\Users\roman\.m2\repository"/>
    <property name="java.vendor.url.bug" value="https://bugreport.java.com/bugreport/"/>
    <property name="java.io.tmpdir" value="C:\Users\roman\AppData\Local\Temp\"/>
    <property name="java.version" value="17.0.6"/>
    <property name="user.dir" value="D:\us\ispp\bart app\repo\bart"/>
    <property name="os.arch" value="amd64"/>
    <property name="java.vm.specification.name" value="Java Virtual Machine Specification"/>
    <property name="sun.os.patch.level" value=""/>
    <property name="native.encoding" value="Cp1252"/>
    <property name="java.library.path" value="C:\Program Files\Java\jdk-17\bin;C:\WINDOWS\Sun\Java\bin;C:\WINDOWS\system32;C:\WINDOWS;C:\Program Files\Common Files\Oracle\Java\javapath;C:\Windows\system32;C:\Windows;C:\Windows\System32\Wbem;C:\Windows\System32\WindowsPowerShell\v1.0\;C:\Windows\System32\OpenSSH\;C:\Program Files (x86)\NVIDIA Corporation\PhysX\Common;C:\Program Files\NVIDIA Corporation\NVIDIA NvDLISR;C:\Program Files\Git\cmd;D:\archivosdeprograma\maven\apache-maven-3.9.1\bin;C:\Program Files\PostgreSQL\15\bin;C:\WINDOWS\system32;C:\WINDOWS;C:\WINDOWS\System32\Wbem;C:\WINDOWS\System32\WindowsPowerShell\v1.0\;C:\WINDOWS\System32\OpenSSH\;C:\Program Files\Java\jdk-17\bin;C:\Users\roman\AppData\Local\Microsoft\WindowsApps;C:\Users\roman\AppData\Local\Programs\Microsoft VS Code\bin;C:\Users\roman\AppData\Local\gitkraken\bin;%USERPROFILE%\AppData\Local\Microsoft\WindowsApps;;."/>
    <property name="java.vm.info" value="mixed mode, sharing"/>
    <property name="java.vendor" value="Oracle Corporation"/>
    <property name="java.vm.version" value="17.0.6+9-LTS-190"/>
    <property name="sun.io.unicode.encoding" value="UnicodeLittle"/>
    <property name="java.class.version" value="61.0"/>
  </properties>
  <testcase name="contextLoads" classname="com.example.SpringBootPostgresCRUD.SpringBootPostgresCrudApplicationTests" time="0.163"/>
</testsuite>